<?xml version="1.0" encoding="UTF-8"?>
<!-- Generated by org.testng.reporters.JUnitXMLReporter -->
<testsuite ignored="0" hostname="DESKTOP-LLSKCB3" failures="1" tests="5" name="Regression" time="7.805" errors="0" timestamp="2022-05-10T20:40:10 EDT">
  <testcase classname="piit.AutomationTrainingProgram.Signout" name="@AfterClass afterClass" time="0.0">
    <failure type="java.lang.NullPointerException">
      <![CDATA[java.lang.NullPointerException
at piit.AutomationTrainingProgram.Signout.afterClass(Signout.java:76)
at java.base/java.util.ArrayList.forEach(ArrayList.java:1541)
... Removed 25 stack frames]]>
    </failure>
  </testcase> <!-- @AfterClass afterClass -->
  <testcase classname="piit.AutomationTrainingProgram.Browser" name="f" time="0.187"/>
  <testcase classname="piit.AutomationTrainingProgram.Signout" name="f" time="0.001">
    <failure type="java.lang.Error" message="Unresolved compilation problem: 
	The method Pictures() is undefined for the type Signout
">
      <![CDATA[java.lang.Error: Unresolved compilation problem: 
The method Pictures() is undefined for the type Signout

at piit.AutomationTrainingProgram.Signout.f(Signout.java:31)
at java.base/java.util.ArrayList.forEach(ArrayList.java:1541)
... Removed 27 stack frames]]>
    </failure>
  </testcase> <!-- f -->
  <testcase classname="piit.AutomationTrainingProgram.Signout" name="TexrVerificationMethod" time="0.0">
    <skipped/>
  </testcase> <!-- TexrVerificationMethod -->
  <testcase classname="piit.AutomationTrainingProgram.Execution" name="f" time="0.001"/>
  <testcase classname="piit.AutomationTrainingProgram.Execution" name="test2" time="0.0"/>
</testsuite> <!-- Regression -->
